sdk/will-tutorils/working-with-rasters/build/outputs/logs/manifest-merger-debug-report.txt
-- Merging decision tree log ---
manifest
ADDED from src/main/AndroidManifest.xml:2:1-45:12
	package
		ADDED from src/main/AndroidManifest.xml:3:5-55
		INJECTED from src/main/AndroidManifest.xml
		INJECTED from src/main/AndroidManifest.xml
	android:versionName
		ADDED from src/main/AndroidManifest.xml:5:5-30
		INJECTED from src/main/AndroidManifest.xml
		INJECTED from src/main/AndroidManifest.xml
	android:versionCode
		ADDED from src/main/AndroidManifest.xml:4:5-28
		INJECTED from src/main/AndroidManifest.xml
		INJECTED from src/main/AndroidManifest.xml
	xmlns:android
		ADDED from src/main/AndroidManifest.xml:2:11-69
uses-sdk
ADDED from src/main/AndroidManifest.xml:7:5-9:41
MERGED from [com.android.support:appcompat-v7:23.0.1] AndroidManifest.xml:20:5-43
MERGED from [com.android.support:support-v4:23.0.1] AndroidManifest.xml:20:5-43
MERGED from [will-tutorils:will-sdk:unspecified] AndroidManifest.xml:7:5-9:41
	android:targetSdkVersion
		ADDED from src/main/AndroidManifest.xml:9:9-38
		INJECTED from src/main/AndroidManifest.xml
		INJECTED from src/main/AndroidManifest.xml
	android:minSdkVersion
		ADDED from src/main/AndroidManifest.xml:8:9-35
		INJECTED from src/main/AndroidManifest.xml
		INJECTED from src/main/AndroidManifest.xml
uses-feature#0x00020000
ADDED from src/main/AndroidManifest.xml:11:2-75
	android:glEsVersion
		ADDED from src/main/AndroidManifest.xml:11:16-48
	android:required
		ADDED from src/main/AndroidManifest.xml:11:49-72
uses-permission#android.permission.WRITE_EXTERNAL_STORAGE
ADDED from src/main/AndroidManifest.xml:13:2-78
	android:name
		ADDED from src/main/AndroidManifest.xml:13:19-75
application
ADDED from src/main/AndroidManifest.xml:15:5-43:19
MERGED from [com.android.support:appcompat-v7:23.0.1] AndroidManifest.xml:22:5-20
MERGED from [com.android.support:support-v4:23.0.1] AndroidManifest.xml:22:5-20
	android:label
		ADDED from src/main/AndroidManifest.xml:18:9-41
	android:hardwareAccelerated
		ADDED from src/main/AndroidManifest.xml:20:9-44
	android:allowBackup
		ADDED from src/main/AndroidManifest.xml:16:9-35
	android:icon
		ADDED from src/main/AndroidManifest.xml:17:9-45
	android:theme
		ADDED from src/main/AndroidManifest.xml:19:9-40
activity#com.wacom.ink.samples.workingwithrasters.WorkingWithRastersPart1
ADDED from src/main/AndroidManifest.xml:22:11-27:22
	android:label
		ADDED from src/main/AndroidManifest.xml:23:19-48
	android:exported
		ADDED from src/main/AndroidManifest.xml:25:19-42
	android:configChanges
		ADDED from src/main/AndroidManifest.xml:26:19-80
	android:name
		ADDED from src/main/AndroidManifest.xml:24:19-58
activity#com.wacom.ink.samples.workingwithrasters.WorkingWithRastersPart2
ADDED from src/main/AndroidManifest.xml:28:11-33:22
	android:label
		ADDED from src/main/AndroidManifest.xml:29:19-48
	android:exported
		ADDED from src/main/AndroidManifest.xml:31:19-42
	android:configChanges
		ADDED from src/main/AndroidManifest.xml:32:19-80
	android:name
		ADDED from src/main/AndroidManifest.xml:30:19-58
activity#com.wacom.ink.samples.workingwithrasters.MainActivity
ADDED from src/main/AndroidManifest.xml:35:11-42:22
	android:label
		ADDED from src/main/AndroidManifest.xml:37:19-62
	android:name
		ADDED from src/main/AndroidManifest.xml:36:19-47
intent-filter#android.intent.action.MAIN+android.intent.category.LAUNCHER
ADDED from src/main/AndroidManifest.xml:38:17-41:33
action#android.intent.action.MAIN
ADDED from src/main/AndroidManifest.xml:39:23-75
	android:name
		ADDED from src/main/AndroidManifest.xml:39:31-72
category#android.intent.category.LAUNCHER
ADDED from src/main/AndroidManifest.xml:40:23-83
	android:name
		ADDED from src/main/AndroidManifest.xml:40:33-80